2022-07-19 19:31:39,512 INFO o.a.j.u.JMeterUtils: Setting Locale to en_EN
2022-07-19 19:31:39,529 INFO o.a.j.JMeter: Loading user properties from: /opt/homebrew/Cellar/jmeter/5.5/libexec/bin/user.properties
2022-07-19 19:31:39,530 INFO o.a.j.JMeter: Loading system properties from: /opt/homebrew/Cellar/jmeter/5.5/libexec/bin/system.properties
2022-07-19 19:31:39,535 INFO o.a.j.JMeter: Copyright (c) 1998-2022 The Apache Software Foundation
2022-07-19 19:31:39,535 INFO o.a.j.JMeter: Version 5.5
2022-07-19 19:31:39,535 INFO o.a.j.JMeter: java.version=18.0.1.1
2022-07-19 19:31:39,535 INFO o.a.j.JMeter: java.vm.name=OpenJDK 64-Bit Server VM
2022-07-19 19:31:39,535 INFO o.a.j.JMeter: os.name=Mac OS X
2022-07-19 19:31:39,535 INFO o.a.j.JMeter: os.arch=aarch64
2022-07-19 19:31:39,535 INFO o.a.j.JMeter: os.version=12.3.1
2022-07-19 19:31:39,535 INFO o.a.j.JMeter: file.encoding=UTF-8
2022-07-19 19:31:39,535 INFO o.a.j.JMeter: java.awt.headless=null
2022-07-19 19:31:39,535 INFO o.a.j.JMeter: Max memory     =1073741824
2022-07-19 19:31:39,535 INFO o.a.j.JMeter: Available Processors =8
2022-07-19 19:31:39,545 INFO o.a.j.JMeter: Default Locale=English (EN)
2022-07-19 19:31:39,545 INFO o.a.j.JMeter: JMeter  Locale=English (EN)
2022-07-19 19:31:39,545 INFO o.a.j.JMeter: JMeterHome=/opt/homebrew/Cellar/jmeter/5.5/libexec
2022-07-19 19:31:39,545 INFO o.a.j.JMeter: user.dir  =/Users/keithradford/Documents/school/3/SENG440/huffman-coding
2022-07-19 19:31:39,546 INFO o.a.j.JMeter: PWD       =/Users/keithradford/Documents/school/3/SENG440/huffman-coding
2022-07-19 19:31:39,547 INFO o.a.j.JMeter: IP: 127.0.0.1 Name: Keiths-MacBook-Air.local FullName: localhost
2022-07-19 19:31:39,557 INFO o.a.j.JMeter: Loaded icon properties from org/apache/jmeter/images/icon.properties
2022-07-19 19:31:40,145 INFO o.a.j.JMeterGuiLauncher: Setting LAF to: com.github.weisj.darklaf.DarkLaf:com.github.weisj.darklaf.theme.DarculaTheme
2022-07-19 19:31:41,828 INFO o.j.r.JARSourceHTTP: Requesting https://jmeter-plugins.org/repo/?installID=mac_os_x-7d035ed74901e0277ba740116494a438-gui
2022-07-19 19:31:42,958 INFO o.j.r.PluginManager: Plugins Status: [jpgc-perfmon=2.1, jpgc-plugins-manager=1.7, jmeter-core=5.5, jmeter-ftp=5.5, jmeter-http=5.5, jmeter-jdbc=5.5, jmeter-jms=5.5, jmeter-junit=5.5, jmeter-java=5.5, jmeter-ldap=5.5, jmeter-mail=5.5, jmeter-mongodb=5.5, jmeter-native=5.5, jmeter-tcp=5.5, jmeter-components=5.5]
2022-07-19 19:31:51,265 INFO o.a.j.s.FileServer: Default base='/Users/keithradford/Documents/school/3/SENG440/huffman-coding'
2022-07-19 19:31:51,268 INFO o.a.j.g.a.Load: Loading file: /Users/keithradford/Documents/school/3/SENG426/load_test.jmx
2022-07-19 19:31:51,268 INFO o.a.j.s.FileServer: Set new base='/Users/keithradford/Documents/school/3/SENG426'
2022-07-19 19:31:51,378 INFO o.a.j.s.SaveService: Testplan (JMX) version: 2.2. Testlog (JTL) version: 2.2
2022-07-19 19:31:51,382 INFO o.a.j.s.SaveService: Using SaveService properties version 5.0
2022-07-19 19:31:51,383 INFO o.a.j.s.SaveService: Using SaveService properties file encoding UTF-8
2022-07-19 19:31:51,383 INFO o.a.j.s.SaveService: Loading file: /Users/keithradford/Documents/school/3/SENG426/load_test.jmx
2022-07-19 19:31:51,457 INFO o.a.j.p.h.c.CookieManager: Settings: Delete null: true Check: true Allow variable: true Save: false Prefix: COOKIE_
2022-07-19 19:31:51,461 INFO o.a.j.p.h.c.CacheManager: Will only cache the following methods: [GET]
2022-07-19 19:31:51,524 INFO o.a.j.p.h.s.HTTPSamplerBase: Parser for text/html is org.apache.jmeter.protocol.http.parser.LagartoBasedHtmlParser
2022-07-19 19:31:51,524 INFO o.a.j.p.h.s.HTTPSamplerBase: Parser for application/xhtml+xml is org.apache.jmeter.protocol.http.parser.LagartoBasedHtmlParser
2022-07-19 19:31:51,524 INFO o.a.j.p.h.s.HTTPSamplerBase: Parser for application/xml is org.apache.jmeter.protocol.http.parser.LagartoBasedHtmlParser
2022-07-19 19:31:51,524 INFO o.a.j.p.h.s.HTTPSamplerBase: Parser for text/xml is org.apache.jmeter.protocol.http.parser.LagartoBasedHtmlParser
2022-07-19 19:31:51,524 INFO o.a.j.p.h.s.HTTPSamplerBase: Parser for text/vnd.wap.wml is org.apache.jmeter.protocol.http.parser.RegexpHTMLParser
2022-07-19 19:31:51,525 INFO o.a.j.p.h.s.HTTPSamplerBase: Parser for text/css is org.apache.jmeter.protocol.http.parser.CssParser
2022-07-19 19:31:51,767 INFO o.a.j.s.SampleResult: Note: Sample TimeStamps are START times
2022-07-19 19:31:51,767 INFO o.a.j.s.SampleResult: sampleresult.default.encoding is set to ISO-8859-1
2022-07-19 19:31:51,767 INFO o.a.j.s.SampleResult: sampleresult.useNanoTime=true
2022-07-19 19:31:51,767 INFO o.a.j.s.SampleResult: sampleresult.nanoThreadSleep=5000
2022-07-19 19:31:51,844 INFO o.a.j.v.ViewResultsFullVisualizer: Add JavaFX to your Java installation if you want to use renderer: org.apache.jmeter.visualizers.RenderInBrowser
2022-07-19 19:31:51,911 INFO o.a.j.v.ViewResultsFullVisualizer: Add JavaFX to your Java installation if you want to use renderer: org.apache.jmeter.visualizers.RenderInBrowser
2022-07-19 19:31:51,967 INFO o.a.j.v.ViewResultsFullVisualizer: Add JavaFX to your Java installation if you want to use renderer: org.apache.jmeter.visualizers.RenderInBrowser
2022-07-19 19:31:51,993 INFO o.a.j.v.ViewResultsFullVisualizer: Add JavaFX to your Java installation if you want to use renderer: org.apache.jmeter.visualizers.RenderInBrowser
2022-07-19 19:31:52,030 INFO o.a.j.v.ViewResultsFullVisualizer: Add JavaFX to your Java installation if you want to use renderer: org.apache.jmeter.visualizers.RenderInBrowser
2022-07-19 19:31:52,084 INFO o.a.j.v.ViewResultsFullVisualizer: Add JavaFX to your Java installation if you want to use renderer: org.apache.jmeter.visualizers.RenderInBrowser
2022-07-19 19:31:52,139 INFO o.a.j.s.FileServer: Set new base='/Users/keithradford/Documents/school/3/SENG426'
